<?xml version="1.0" encoding="UTF-8"?>
<!-- Generated by org.testng.reporters.JUnitReportReporter -->
<testsuite hostname="WINDOWS-SQ7RJLA" failures="0" tests="2" name="testCases.DeleteAccount" time="5.761" errors="0" timestamp="24 Sep 2024 23:23:27 GMT" skipped="0">
  <testcase classname="testCases.DeleteAccount" name="deleteAccount" time="3.783"/>
  <testcase classname="testCases.DeleteAccount" name="getSingleAccountInfo" time="1.978"/>
</testsuite> <!-- testCases.DeleteAccount -->
