<?xml version="1.0" encoding="UTF-8"?>
<!-- Generated by org.testng.reporters.JUnitReportReporter -->
<testsuite hostname="WINDOWS-SQ7RJLA" failures="0" tests="3" name="testCases.CreateNewAccount" time="7.042" errors="0" timestamp="24 Sep 2024 23:05:45 GMT" skipped="0">
  <testcase classname="testCases.CreateNewAccount" name="createNewAccount" time="3.366"/>
  <testcase classname="testCases.CreateNewAccount" name="getAllAccounts" time="1.552"/>
  <testcase classname="testCases.CreateNewAccount" name="getSingleAccountInfo" time="2.124"/>
</testsuite> <!-- testCases.CreateNewAccount -->
