<?xml version="1.0" encoding="UTF-8"?>
<!-- Generated by org.testng.reporters.JUnitReportReporter -->
<testsuite hostname="WINDOWS-SQ7RJLA" failures="0" tests="2" name="testCases.UpdateAccount" time="5.730" errors="0" timestamp="24 Sep 2024 23:06:13 GMT" skipped="0">
  <testcase classname="testCases.UpdateAccount" name="updateAccount" time="3.548"/>
  <testcase classname="testCases.UpdateAccount" name="getSingleAccountInfo" time="2.182"/>
</testsuite> <!-- testCases.UpdateAccount -->
