<?xml version="1.0" encoding="UTF-8"?>
<!-- Generated by org.testng.reporters.JUnitReportReporter -->
<testsuite hostname="WINDOWS-SQ7RJLA" failures="0" tests="1" name="testCases.Authentication" time="2.184" errors="0" timestamp="23 Sep 2024 19:44:43 GMT" skipped="0">
  <testcase classname="testCases.Authentication" name="authentication" time="2.184"/>
</testsuite> <!-- testCases.Authentication -->
