<?xml version="1.0" encoding="UTF-8"?>
<!-- Generated by org.testng.reporters.JUnitReportReporter -->
<testsuite hostname="WINDOWS-SQ7RJLA" failures="0" tests="1" name="testCases.GetAllAccounts" time="2.905" errors="0" timestamp="23 Sep 2024 19:05:42 GMT" skipped="0">
  <testcase classname="testCases.GetAllAccounts" name="getAllAccounts" time="2.905"/>
</testsuite> <!-- testCases.GetAllAccounts -->
