<?xml version="1.0" encoding="UTF-8"?>
<!-- Generated by org.testng.reporters.JUnitReportReporter -->
<testsuite hostname="WINDOWS-SQ7RJLA" failures="0" tests="1" name="testCases.GetSingleAccountInfo" time="3.286" errors="0" timestamp="24 Sep 2024 21:23:36 GMT" skipped="0">
  <testcase classname="testCases.GetSingleAccountInfo" name="getSingleAccountInfo" time="3.286"/>
</testsuite> <!-- testCases.GetSingleAccountInfo -->
